2026-01-14T12:00:00Z INFO checkout orderId=1001 userId=42 latencyMs=250
2026-01-14T12:00:02Z INFO checkout orderId=1002 userId=55 latencyMs=180
2026-01-14T12:00:07Z ERROR checkout orderId=1003 userId=42 latencyMs=980 errorCode=PAYMENT_FAILED
2026-01-14T12:00:15Z INFO checkout orderId=1004 userId=67 latencyMs=220
2026-01-14T12:00:20Z WARN checkout orderId=1005 userId=88 latencyMs=450
2026-01-14T12:00:25Z ERROR checkout orderId=1006 userId=99 latencyMs=1200 errorCode=TIMEOUT
2026-01-14T12:00:30Z INFO checkout orderId=1007 userId=42 latencyMs=190
2026-01-14T12:00:35Z ERROR checkout orderId=1008 userId=77 latencyMs=750 errorCode=INVALID_CART
2026-01-14T12:00:40Z INFO checkout orderId=1009 userId=55 latencyMs=200
2026-01-14T11:23:54Z INFO checkout orderId=8527 userId=115 latencyMs=748
2026-01-14T11:24:00Z INFO checkout orderId=4819 userId=135 latencyMs=1689
2026-01-14T11:24:00Z INFO checkout orderId=2157 userId=115 latencyMs=669
2026-01-14T11:24:00Z INFO checkout orderId=8495 userId=99 latencyMs=350
2026-01-14T11:24:00Z INFO checkout orderId=2602 userId=67 latencyMs=280
2026-01-14T11:24:00Z INFO checkout orderId=8940 userId=42 latencyMs=260
2026-01-14T11:24:00Z ERROR checkout orderId=6278 userId=120 latencyMs=890 errorCode=DATABASE_ERROR
2026-01-14T11:24:01Z INFO checkout orderId=3083 userId=77 latencyMs=373
2026-01-14T11:24:01Z INFO checkout orderId=1770 userId=42 latencyMs=205
2026-01-14T11:24:01Z ERROR checkout orderId=3156 userId=101 latencyMs=539 errorCode=TIMEOUT
2026-01-14T11:24:01Z WARN checkout orderId=8553 userId=77 latencyMs=345
2026-01-14T11:24:01Z INFO checkout orderId=5891 userId=55 latencyMs=275
2026-01-14T11:24:01Z WARN checkout orderId=8997 userId=115 latencyMs=606
2026-01-14T11:24:01Z INFO checkout orderId=6335 userId=99 latencyMs=386
2026-01-14T11:24:01Z WARN checkout orderId=3674 userId=88 latencyMs=466
2026-01-14T11:24:01Z INFO checkout orderId=6780 userId=42 latencyMs=196
2026-01-14T11:24:02Z ERROR checkout orderId=3177 userId=115 latencyMs=652 errorCode=INVALID_CART
2026-01-14T11:24:02Z INFO checkout orderId=5912 userId=67 latencyMs=238
2026-01-14T11:24:02Z WARN checkout orderId=3250 userId=42 latencyMs=218
2026-01-14T11:24:02Z INFO checkout orderId=6356 userId=101 latencyMs=698
2026-01-14T11:24:02Z WARN checkout orderId=3694 userId=88 latencyMs=479
2026-01-14T11:24:02Z INFO checkout orderId=1033 userId=77 latencyMs=359
2026-01-14T11:24:02Z INFO checkout orderId=4139 userId=135 latencyMs=1339
2026-01-14T11:24:02Z INFO checkout orderId=1477 userId=115 latencyMs=619
2026-01-14T11:24:03Z ERROR checkout orderId=6874 userId=88 latencyMs=325 errorCode=SERVICE_UNAVAILABLE
2026-01-14T11:24:03Z INFO checkout orderId=3271 userId=55 latencyMs=181
2026-01-14T11:24:03Z WARN checkout orderId=4249 userId=135 latencyMs=1488
2026-01-14T11:24:03Z WARN checkout orderId=1995 userId=99 latencyMs=446
2026-01-14T11:24:03Z INFO checkout orderId=5101 userId=55 latencyMs=276
2026-01-14T11:24:03Z INFO checkout orderId=4730 userId=42 latencyMs=232
2026-01-14T11:24:03Z INFO checkout orderId=7836 userId=101 latencyMs=712
2026-01-14T11:24:03Z INFO checkout orderId=4233 userId=77 latencyMs=418
2026-01-14T11:24:03Z INFO checkout orderId=1571 userId=55 latencyMs=298
2026-01-14T11:24:04Z INFO checkout orderId=6968 userId=120 latencyMs=836
2026-01-14T11:24:04Z ERROR checkout orderId=4306 userId=101 latencyMs=516 errorCode=TIMEOUT
2026-01-14T11:24:04Z WARN checkout orderId=2994 userId=88 latencyMs=348
2026-01-14T11:24:04Z INFO checkout orderId=8390 userId=42 latencyMs=203
2026-01-14T11:24:04Z ERROR checkout orderId=2497 userId=115 latencyMs=534 errorCode=INVALID_CART
2026-01-14T11:24:04Z INFO checkout orderId=8835 userId=99 latencyMs=314
2026-01-14T11:24:04Z ERROR checkout orderId=6173 userId=77 latencyMs=394 errorCode=DATABASE_ERROR
2026-01-14T11:24:04Z INFO checkout orderId=9279 userId=135 latencyMs=1374
2026-01-14T11:24:05Z INFO checkout orderId=5676 userId=101 latencyMs=580
2026-01-14T11:24:05Z WARN checkout orderId=3014 userId=88 latencyMs=360
2026-01-14T11:24:05Z INFO checkout orderId=9353 userId=77 latencyMs=440
2026-01-14T11:24:05Z WARN checkout orderId=3459 userId=135 latencyMs=1820
2026-01-14T11:24:05Z INFO checkout orderId=9797 userId=115 latencyMs=501
2026-01-14T11:24:05Z INFO checkout orderId=7135 userId=99 latencyMs=481
2026-01-14T11:24:05Z INFO checkout orderId=1241 userId=55 latencyMs=261
2026-01-14T11:24:05Z INFO checkout orderId=7580 userId=42 latencyMs=241
2026-01-14T11:24:06Z INFO checkout orderId=3977 userId=115 latencyMs=547
2026-01-14T11:24:06Z ERROR checkout orderId=1315 userId=99 latencyMs=327 errorCode=PAYMENT_FAILED
2026-01-14T11:24:06Z INFO checkout orderId=4421 userId=55 latencyMs=157
2026-01-14T11:24:06Z WARN checkout orderId=1759 userId=135 latencyMs=1787
2026-01-14T11:24:06Z INFO checkout orderId=8097 userId=115 latencyMs=768
2026-01-14T11:24:06Z WARN checkout orderId=2204 userId=88 latencyMs=448
2026-01-14T11:24:06Z INFO checkout orderId=8542 userId=67 latencyMs=228
2026-01-14T11:24:06Z WARN checkout orderId=5880 userId=42 latencyMs=208
2026-01-14T11:24:06Z INFO checkout orderId=8986 userId=101 latencyMs=688
2026-01-14T11:24:07Z ERROR checkout orderId=5383 userId=77 latencyMs=494 errorCode=DATABASE_ERROR
2026-01-14T11:24:07Z INFO checkout orderId=8118 userId=120 latencyMs=1080
2026-01-14T11:24:07Z INFO checkout orderId=5456 userId=101 latencyMs=560
2026-01-14T11:24:07Z INFO checkout orderId=2795 userId=99 latencyMs=341
2026-01-14T11:24:07Z WARN checkout orderId=5901 userId=55 latencyMs=171
2026-01-14T11:24:07Z INFO checkout orderId=3239 userId=135 latencyMs=1401
2026-01-14T11:24:07Z WARN checkout orderId=6345 userId=99 latencyMs=381
2026-01-14T11:24:07Z INFO checkout orderId=3684 userId=88 latencyMs=461
2026-01-14T11:24:08Z ERROR checkout orderId=9080 userId=42 latencyMs=217 errorCode=PAYMENT_FAILED
2026-01-14T11:24:08Z INFO checkout orderId=6419 userId=135 latencyMs=1847
2026-01-14T11:24:08Z WARN checkout orderId=6455 userId=99 latencyMs=362
2026-01-14T11:24:08Z INFO checkout orderId=4609 userId=135 latencyMs=1697
2026-01-14T11:24:08Z WARN checkout orderId=4646 userId=101 latencyMs=680
2026-01-14T11:24:08Z INFO checkout orderId=1984 userId=88 latencyMs=460
2026-01-14T11:24:08Z WARN checkout orderId=5090 userId=42 latencyMs=290
2026-01-14T11:24:08Z INFO checkout orderId=2428 userId=120 latencyMs=920
2026-01-14T11:24:09Z WARN checkout orderId=7825 userId=99 latencyMs=426
2026-01-14T11:24:09Z INFO checkout orderId=5163 userId=77 latencyMs=307
2026-01-14T11:24:09Z INFO checkout orderId=4259 userId=135 latencyMs=1915
2026-01-14T11:24:09Z ERROR checkout orderId=2946 userId=101 latencyMs=647 errorCode=TIMEOUT
2026-01-14T11:24:09Z INFO checkout orderId=6052 userId=67 latencyMs=277
2026-01-14T11:24:09Z ERROR checkout orderId=3391 userId=55 latencyMs=257 errorCode=TIMEOUT
2026-01-14T11:24:09Z INFO checkout orderId=9729 userId=135 latencyMs=1688
2026-01-14T11:24:09Z INFO checkout orderId=3835 userId=99 latencyMs=468
2026-01-14T11:24:10Z INFO checkout orderId=3464 userId=88 latencyMs=474
2026-01-14T11:24:10Z INFO checkout orderId=6570 userId=42 latencyMs=154
2026-01-14T11:24:10Z INFO checkout orderId=3908 userId=120 latencyMs=934
2026-01-14T11:24:10Z INFO checkout orderId=1246 userId=101 latencyMs=614
2026-01-14T11:24:10Z INFO checkout orderId=4353 userId=77 latencyMs=394
2026-01-14T11:24:10Z ERROR checkout orderId=1691 userId=55 latencyMs=224 errorCode=TIMEOUT
2026-01-14T11:24:10Z INFO checkout orderId=4797 userId=115 latencyMs=555
2026-01-14T11:24:10Z ERROR checkout orderId=2135 userId=99 latencyMs=435 errorCode=PAYMENT_FAILED
2026-01-14T11:24:11Z INFO checkout orderId=7532 userId=67 latencyMs=291
2026-01-14T11:24:11Z INFO checkout orderId=4870 userId=42 latencyMs=271
2026-01-14T11:24:11Z WARN checkout orderId=2209 userId=135 latencyMs=1301
2026-01-14T11:24:11Z INFO checkout orderId=5315 userId=99 latencyMs=481
2026-01-14T11:24:11Z WARN checkout orderId=2653 userId=77 latencyMs=361
2026-01-14T11:24:11Z INFO checkout orderId=5759 userId=135 latencyMs=1541
2026-01-14T11:24:11Z WARN checkout orderId=3097 userId=115 latencyMs=522
2026-01-14T11:24:11Z INFO checkout orderId=9436 userId=101 latencyMs=502
2026-01-14T11:24:12Z ERROR checkout orderId=5833 userId=77 latencyMs=408 errorCode=DATABASE_ERROR
2026-01-14T11:24:12Z INFO checkout orderId=3171 userId=55 latencyMs=238
2026-01-14T11:24:12Z WARN checkout orderId=2674 userId=88 latencyMs=374
2026-01-14T11:24:12Z INFO checkout orderId=9012 userId=67 latencyMs=236
2026-01-14T11:24:12Z INFO checkout orderId=6350 userId=42 latencyMs=216
2026-01-14T11:24:12Z INFO checkout orderId=9456 userId=101 latencyMs=546
2026-01-14T11:24:12Z INFO checkout orderId=6795 userId=99 latencyMs=326
2026-01-14T11:24:12Z INFO checkout orderId=4133 userId=77 latencyMs=407
2026-01-14T11:24:13Z INFO checkout orderId=9530 userId=42 latencyMs=263
2026-01-14T11:24:13Z INFO checkout orderId=3636 userId=101 latencyMs=593
2026-01-14T11:24:13Z INFO checkout orderId=9974 userId=88 latencyMs=373
2026-01-14T11:24:13Z INFO checkout orderId=7312 userId=67 latencyMs=203
2026-01-14T11:24:13Z INFO checkout orderId=1419 userId=135 latencyMs=1633
2026-01-14T11:24:13Z INFO checkout orderId=1047 userId=115 latencyMs=639
2026-01-14T11:24:13Z INFO checkout orderId=6852 userId=67 latencyMs=172
2026-01-14T11:24:13Z INFO checkout orderId=3249 userId=135 latencyMs=1828
2026-01-14T11:24:13Z INFO checkout orderId=9587 userId=115 latencyMs=608
2026-01-14T11:24:14Z WARN checkout orderId=5984 userId=88 latencyMs=414
2026-01-14T11:24:14Z INFO checkout orderId=3322 userId=67 latencyMs=194
2026-01-14T11:24:14Z ERROR checkout orderId=8719 userId=135 latencyMs=1600 errorCode=SERVICE_UNAVAILABLE
2026-01-14T11:24:14Z INFO checkout orderId=5116 userId=101 latencyMs=606
2026-01-14T11:24:14Z ERROR checkout orderId=2454 userId=88 latencyMs=386 errorCode=SERVICE_UNAVAILABLE
2026-01-14T11:24:14Z WARN checkout orderId=5560 userId=42 latencyMs=216
2026-01-14T11:24:14Z INFO checkout orderId=2899 userId=135 latencyMs=1247
2026-01-14T11:24:14Z INFO checkout orderId=9237 userId=115 latencyMs=527
2026-01-14T11:24:15Z INFO checkout orderId=5634 userId=88 latencyMs=433
2026-01-14T11:24:15Z ERROR checkout orderId=2972 userId=67 latencyMs=263 errorCode=INVALID_CART
2026-01-14T11:24:15Z INFO checkout orderId=6078 userId=120 latencyMs=893
2026-01-14T11:24:15Z INFO checkout orderId=3416 userId=101 latencyMs=573
2026-01-14T11:24:15Z INFO checkout orderId=6522 userId=67 latencyMs=203
2026-01-14T11:24:15Z INFO checkout orderId=3861 userId=55 latencyMs=183
2026-01-14T11:24:15Z INFO checkout orderId=1199 userId=135 latencyMs=1214
2026-01-14T11:24:15Z INFO checkout orderId=4305 userId=99 latencyMs=394
2026-01-14T11:24:16Z INFO checkout orderId=3934 userId=88 latencyMs=400
2026-01-14T11:24:16Z WARN checkout orderId=7040 userId=42 latencyMs=230
2026-01-14T11:24:16Z INFO checkout orderId=4378 userId=120 latencyMs=860
2026-01-14T11:24:16Z WARN checkout orderId=1717 userId=115 latencyMs=540
2026-01-14T11:24:16Z INFO checkout orderId=4823 userId=77 latencyMs=320
2026-01-14T11:24:16Z ERROR checkout orderId=2161 userId=55 latencyMs=150 errorCode=TIMEOUT
2026-01-14T11:24:16Z INFO checkout orderId=5267 userId=115 latencyMs=713
2026-01-14T11:24:16Z ERROR checkout orderId=2605 userId=99 latencyMs=393 errorCode=PAYMENT_FAILED
2026-01-14T11:24:16Z INFO checkout orderId=8944 userId=88 latencyMs=473
2026-01-14T11:24:17Z ERROR checkout orderId=5341 userId=55 latencyMs=279 errorCode=TIMEOUT
2026-01-14T11:24:17Z INFO checkout orderId=2679 userId=135 latencyMs=1659
2026-01-14T11:24:17Z INFO checkout orderId=5785 userId=99 latencyMs=439
2026-01-14T11:24:17Z INFO checkout orderId=4509 userId=135 latencyMs=1854
2026-01-14T11:24:17Z WARN checkout orderId=7615 userId=99 latencyMs=434
2026-01-14T11:24:17Z INFO checkout orderId=4953 userId=77 latencyMs=314
2026-01-14T11:24:17Z WARN checkout orderId=2292 userId=67 latencyMs=294
2026-01-14T11:24:17Z INFO checkout orderId=5398 userId=120 latencyMs=975
2026-01-14T11:24:18Z ERROR checkout orderId=1795 userId=99 latencyMs=480 errorCode=PAYMENT_FAILED
2026-01-14T11:24:18Z INFO checkout orderId=8133 userId=77 latencyMs=361
2026-01-14T11:24:18Z ERROR checkout orderId=5471 userId=55 latencyMs=191 errorCode=TIMEOUT
2026-01-14T11:24:18Z INFO checkout orderId=8577 userId=115 latencyMs=521
2026-01-14T11:24:18Z ERROR checkout orderId=5916 userId=101 latencyMs=501 errorCode=TIMEOUT
2026-01-14T11:24:18Z INFO checkout orderId=3254 userId=88 latencyMs=481
2026-01-14T11:24:18Z INFO checkout orderId=9058 userId=120 latencyMs=964
2026-01-14T11:24:18Z WARN checkout orderId=7746 userId=101 latencyMs=596
2026-01-14T11:24:19Z INFO checkout orderId=6841 userId=55 latencyMs=255
2026-01-14T11:24:19Z WARN checkout orderId=4179 userId=135 latencyMs=1285
2026-01-14T11:24:19Z INFO checkout orderId=1518 userId=120 latencyMs=965
2026-01-14T11:24:19Z WARN checkout orderId=6914 userId=88 latencyMs=471
2026-01-14T11:24:19Z INFO checkout orderId=3311 userId=55 latencyMs=277
2026-01-14T11:24:19Z INFO checkout orderId=6417 userId=115 latencyMs=757
2026-01-14T11:24:19Z INFO checkout orderId=6454 userId=88 latencyMs=340
2026-01-14T11:24:19Z WARN checkout orderId=3792 userId=67 latencyMs=270
2026-01-14T11:24:19Z INFO checkout orderId=1131 userId=55 latencyMs=250
2026-01-14T11:24:20Z INFO checkout orderId=6527 userId=115 latencyMs=706
2026-01-14T11:24:20Z INFO checkout orderId=9634 userId=88 latencyMs=387
2026-01-14T11:24:20Z ERROR checkout orderId=6972 userId=67 latencyMs=167 errorCode=INVALID_CART
2026-01-14T11:24:20Z INFO checkout orderId=4310 userId=42 latencyMs=297
2026-01-14T11:24:20Z ERROR checkout orderId=7416 userId=101 latencyMs=559 errorCode=TIMEOUT
2026-01-14T11:24:20Z WARN checkout orderId=4754 userId=88 latencyMs=339
2026-01-14T11:24:20Z INFO checkout orderId=2093 userId=77 latencyMs=419
2026-01-14T11:24:20Z INFO checkout orderId=5199 userId=135 latencyMs=1800
2026-01-14T11:24:21Z INFO checkout orderId=1596 userId=101 latencyMs=605
2026-01-14T11:24:21Z WARN checkout orderId=7934 userId=88 latencyMs=386
2026-01-14T11:24:21Z INFO checkout orderId=5272 userId=67 latencyMs=216
2026-01-14T11:24:21Z ERROR checkout orderId=8378 userId=120 latencyMs=1046 errorCode=DATABASE_ERROR
2026-01-14T11:24:21Z INFO checkout orderId=5717 userId=115 latencyMs=526
2026-01-14T11:24:21Z INFO checkout orderId=3055 userId=99 latencyMs=306
2026-01-14T11:24:21Z INFO checkout orderId=6161 userId=55 latencyMs=286
2026-01-14T11:24:21Z INFO checkout orderId=3499 userId=135 latencyMs=1767
2026-01-14T11:24:22Z INFO checkout orderId=8896 userId=101 latencyMs=572
2026-01-14T11:24:22Z WARN checkout orderId=6234 userId=88 latencyMs=353
2026-01-14T11:24:22Z INFO checkout orderId=9341 userId=55 latencyMs=183
2026-01-14T11:24:22Z INFO checkout orderId=3076 userId=101 latencyMs=619
2026-01-14T11:24:22Z INFO checkout orderId=9414 userId=88 latencyMs=399
2026-01-14T11:24:22Z INFO checkout orderId=3520 userId=42 latencyMs=229
2026-01-14T11:24:22Z ERROR checkout orderId=9858 userId=120 latencyMs=1059 errorCode=DATABASE_ERROR
2026-01-14T11:24:22Z INFO checkout orderId=7197 userId=115 latencyMs=539
2026-01-14T11:24:23Z INFO checkout orderId=3593 userId=77 latencyMs=445
2026-01-14T11:24:23Z WARN checkout orderId=6700 userId=42 latencyMs=275
2026-01-14T11:24:23Z INFO checkout orderId=4038 userId=120 latencyMs=1106
2026-01-14T11:24:23Z WARN checkout orderId=1376 userId=101 latencyMs=586
2026-01-14T11:24:23Z INFO checkout orderId=4482 userId=67 latencyMs=216
2026-01-14T11:24:23Z WARN checkout orderId=1820 userId=42 latencyMs=196
2026-01-14T11:24:23Z INFO checkout orderId=8159 userId=135 latencyMs=1826
2026-01-14T11:24:23Z INFO checkout orderId=2265 userId=99 latencyMs=406
2026-01-14T11:24:23Z INFO checkout orderId=8603 userId=77 latencyMs=487
2026-01-14T11:24:24Z INFO checkout orderId=6349 userId=135 latencyMs=1644
2026-01-14T11:24:24Z INFO checkout orderId=6386 userId=101 latencyMs=727
2026-01-14T11:24:24Z INFO checkout orderId=3724 userId=88 latencyMs=407
2026-01-14T11:24:24Z INFO checkout orderId=8179 userId=135 latencyMs=1839
2026-01-14T11:24:24Z INFO checkout orderId=5518 userId=120 latencyMs=1119
2026-01-14T11:24:24Z INFO checkout orderId=2856 userId=101 latencyMs=531
2026-01-14T11:24:24Z INFO checkout orderId=5962 userId=67 latencyMs=161
2026-01-14T11:24:24Z ERROR checkout orderId=3300 userId=42 latencyMs=292 errorCode=PAYMENT_FAILED
2026-01-14T11:24:25Z INFO checkout orderId=8697 userId=115 latencyMs=597
2026-01-14T11:24:25Z INFO checkout orderId=6035 userId=99 latencyMs=378
2026-01-14T11:24:25Z WARN checkout orderId=9142 userId=67 latencyMs=208
2026-01-14T11:24:25Z INFO checkout orderId=6480 userId=42 latencyMs=188
2026-01-14T11:24:25Z INFO checkout orderId=5575 userId=99 latencyMs=447
2026-01-14T11:24:25Z INFO checkout orderId=2913 userId=77 latencyMs=327
2026-01-14T11:24:25Z WARN checkout orderId=6020 userId=42 latencyMs=157
2026-01-14T11:24:25Z INFO checkout orderId=3358 userId=120 latencyMs=1187
2026-01-14T11:24:26Z INFO checkout orderId=8755 userId=99 latencyMs=493
2026-01-14T11:24:26Z INFO checkout orderId=6093 userId=77 latencyMs=373
2026-01-14T11:24:26Z WARN checkout orderId=3431 userId=55 latencyMs=203
2026-01-14T11:24:26Z INFO checkout orderId=6537 userId=115 latencyMs=534
2026-01-14T11:24:26Z ERROR checkout orderId=3875 userId=99 latencyMs=414 errorCode=PAYMENT_FAILED
2026-01-14T11:24:26Z INFO checkout orderId=1214 userId=88 latencyMs=494
2026-01-14T11:24:26Z ERROR checkout orderId=4320 userId=42 latencyMs=274 errorCode=PAYMENT_FAILED
2026-01-14T11:24:26Z INFO checkout orderId=1658 userId=120 latencyMs=1154
2026-01-14T11:24:26Z ERROR checkout orderId=4764 userId=88 latencyMs=334 errorCode=SERVICE_UNAVAILABLE
2026-01-14T11:24:27Z WARN checkout orderId=4393 userId=77 latencyMs=340
2026-01-14T11:24:27Z INFO checkout orderId=7499 userId=135 latencyMs=1520
2026-01-14T11:24:27Z INFO checkout orderId=4838 userId=120 latencyMs=801
2026-01-14T11:24:27Z INFO checkout orderId=2176 userId=101 latencyMs=781
2026-01-14T11:24:27Z INFO checkout orderId=1679 userId=135 latencyMs=1967
2026-01-14T11:24:27Z ERROR checkout orderId=8017 userId=115 latencyMs=547 errorCode=INVALID_CART
2026-01-14T11:24:27Z INFO checkout orderId=5355 userId=99 latencyMs=427
2026-01-14T11:24:27Z INFO checkout orderId=8462 userId=67 latencyMs=157
2026-01-14T11:24:28Z INFO checkout orderId=4858 userId=120 latencyMs=813
2026-01-14T11:24:28Z INFO checkout orderId=2197 userId=115 latencyMs=593
2026-01-14T11:24:28Z INFO checkout orderId=8535 userId=99 latencyMs=474
2026-01-14T11:24:28Z WARN checkout orderId=2641 userId=55 latencyMs=204
2026-01-14T11:24:28Z INFO checkout orderId=8979 userId=135 latencyMs=1934
2026-01-14T11:24:28Z WARN checkout orderId=6317 userId=115 latencyMs=514
2026-01-14T11:24:28Z INFO checkout orderId=9424 userId=88 latencyMs=394
2026-01-14T11:24:28Z ERROR checkout orderId=6762 userId=67 latencyMs=206 errorCode=INVALID_CART
2026-01-14T11:24:29Z INFO checkout orderId=3159 userId=135 latencyMs=1612
2026-01-14T11:24:29Z ERROR checkout orderId=3195 userId=99 latencyMs=495 errorCode=PAYMENT_FAILED
2026-01-14T11:24:29Z INFO checkout orderId=6302 userId=67 latencyMs=176
2026-01-14T11:24:29Z WARN checkout orderId=6338 userId=120 latencyMs=859
2026-01-14T11:24:29Z ERROR checkout orderId=6375 userId=99 latencyMs=342 errorCode=PAYMENT_FAILED
2026-01-14T11:24:29Z WARN checkout orderId=3713 userId=77 latencyMs=422
2026-01-14T11:24:29Z INFO checkout orderId=6819 userId=135 latencyMs=1202
2026-01-14T11:24:29Z WARN checkout orderId=4158 userId=120 latencyMs=882
2026-01-14T11:24:29Z INFO checkout orderId=1496 userId=101 latencyMs=662
2026-01-14T11:24:30Z WARN checkout orderId=6893 userId=77 latencyMs=468
2026-01-14T11:24:30Z INFO checkout orderId=9999 userId=135 latencyMs=1648
2026-01-14T11:24:30Z ERROR checkout orderId=7337 userId=115 latencyMs=729 errorCode=INVALID_CART
2026-01-14T11:24:30Z INFO checkout orderId=4675 userId=99 latencyMs=309
2026-01-14T11:24:30Z ERROR checkout orderId=7781 userId=55 latencyMs=189 errorCode=TIMEOUT
2026-01-14T11:24:30Z INFO checkout orderId=5120 userId=42 latencyMs=169
2026-01-14T11:24:30Z INFO checkout orderId=2458 userId=120 latencyMs=849
2026-01-14T11:24:30Z INFO checkout orderId=5564 userId=88 latencyMs=429
2026-01-14T11:24:31Z INFO checkout orderId=1961 userId=55 latencyMs=235
2026-01-14T11:24:31Z INFO checkout orderId=8299 userId=135 latencyMs=1615
2026-01-14T11:24:31Z INFO checkout orderId=8336 userId=101 latencyMs=599
2026-01-14T11:24:31Z INFO checkout orderId=2442 userId=67 latencyMs=229
2026-01-14T11:24:31Z WARN checkout orderId=8780 userId=42 latencyMs=209
2026-01-14T11:24:31Z INFO checkout orderId=6118 userId=120 latencyMs=839
2026-01-14T11:24:31Z WARN checkout orderId=9225 userId=99 latencyMs=419
2026-01-14T11:24:31Z INFO checkout orderId=6563 userId=77 latencyMs=499
2026-01-14T11:24:32Z ERROR checkout orderId=2960 userId=42 latencyMs=255 errorCode=PAYMENT_FAILED
2026-01-14T11:24:32Z INFO checkout orderId=9298 userId=120 latencyMs=885
2026-01-14T11:24:32Z ERROR checkout orderId=3404 userId=88 latencyMs=466 errorCode=SERVICE_UNAVAILABLE
2026-01-14T11:24:32Z INFO checkout orderId=9742 userId=67 latencyMs=196
2026-01-14T11:24:32Z ERROR checkout orderId=7081 userId=55 latencyMs=176 errorCode=TIMEOUT
2026-01-14T11:24:32Z INFO checkout orderId=6584 userId=88 latencyMs=312
2026-01-14T11:24:32Z WARN checkout orderId=3922 userId=67 latencyMs=242
2026-01-14T11:24:32Z INFO checkout orderId=1260 userId=42 latencyMs=154
2026-01-14T11:24:33Z ERROR checkout orderId=6657 userId=115 latencyMs=610 errorCode=INVALID_CART
2026-01-14T11:24:33Z INFO checkout orderId=3995 userId=99 latencyMs=390
2026-01-14T11:24:33Z ERROR checkout orderId=7101 userId=55 latencyMs=220 errorCode=TIMEOUT
2026-01-14T11:24:33Z INFO checkout orderId=4440 userId=42 latencyMs=201
2026-01-14T11:24:33Z ERROR checkout orderId=9836 userId=101 latencyMs=657 errorCode=TIMEOUT
2026-01-14T11:24:33Z INFO checkout orderId=9873 userId=77 latencyMs=340
2026-01-14T11:24:33Z ERROR checkout orderId=3979 userId=135 latencyMs=1720 errorCode=SERVICE_UNAVAILABLE
2026-01-14T11:24:33Z INFO checkout orderId=1318 userId=120 latencyMs=1000
2026-01-14T11:24:34Z INFO checkout orderId=6714 userId=88 latencyMs=306
2026-01-14T11:24:34Z INFO checkout orderId=4053 userId=77 latencyMs=386
2026-01-14T11:24:34Z INFO checkout orderId=1391 userId=55 latencyMs=216
2026-01-14T11:24:34Z WARN checkout orderId=6788 userId=120 latencyMs=1172
2026-01-14T11:24:34Z INFO checkout orderId=3184 userId=88 latencyMs=478
2026-01-14T11:24:34Z INFO checkout orderId=1872 userId=67 latencyMs=210
2026-01-14T11:24:34Z INFO checkout orderId=7677 userId=115 latencyMs=593
2026-01-14T11:24:34Z INFO checkout orderId=5015 userId=99 latencyMs=473
2026-01-14T11:24:34Z INFO checkout orderId=2353 userId=77 latencyMs=353
2026-01-14T11:24:35Z INFO checkout orderId=7750 userId=42 latencyMs=159
2026-01-14T11:24:35Z INFO checkout orderId=4147 userId=115 latencyMs=765
2026-01-14T11:24:35Z INFO checkout orderId=1485 userId=99 latencyMs=445
2026-01-14T11:24:35Z INFO checkout orderId=4591 userId=55 latencyMs=225
2026-01-14T11:24:35Z INFO checkout orderId=1929 userId=135 latencyMs=1905
2026-01-14T11:24:35Z ERROR checkout orderId=5036 userId=101 latencyMs=685 errorCode=TIMEOUT
2026-01-14T11:24:35Z INFO checkout orderId=2374 userId=88 latencyMs=366
2026-01-14T11:24:35Z ERROR checkout orderId=8712 userId=67 latencyMs=296 errorCode=INVALID_CART
2026-01-14T11:24:36Z INFO checkout orderId=5109 userId=135 latencyMs=1552
2026-01-14T11:24:36Z INFO checkout orderId=2447 userId=115 latencyMs=732
2026-01-14T11:24:36Z WARN checkout orderId=5553 userId=77 latencyMs=412
2026-01-14T11:24:36Z INFO checkout orderId=2891 userId=55 latencyMs=192
2026-01-14T11:24:36Z WARN checkout orderId=5998 userId=120 latencyMs=1072
2026-01-14T11:24:36Z INFO checkout orderId=3336 userId=101 latencyMs=652
2026-01-14T11:24:36Z WARN checkout orderId=9674 userId=88 latencyMs=333
2026-01-14T11:24:36Z INFO checkout orderId=3780 userId=42 latencyMs=263
2026-01-14T11:24:37Z ERROR checkout orderId=3409 userId=135 latencyMs=1519 errorCode=SERVICE_UNAVAILABLE
2026-01-14T11:24:37Z INFO checkout orderId=6515 userId=99 latencyMs=331
2026-01-14T11:24:37Z ERROR checkout orderId=3854 userId=88 latencyMs=411 errorCode=SERVICE_UNAVAILABLE
2026-01-14T11:24:37Z INFO checkout orderId=1192 userId=67 latencyMs=241
2026-01-14T11:24:37Z ERROR checkout orderId=4298 userId=120 latencyMs=1071 errorCode=DATABASE_ERROR
2026-01-14T11:24:37Z INFO checkout orderId=1636 userId=101 latencyMs=552
2026-01-14T11:24:37Z INFO checkout orderId=4371 userId=55 latencyMs=288
2026-01-14T11:24:37Z INFO checkout orderId=7478 userId=120 latencyMs=1118
2026-01-14T11:24:37Z INFO checkout orderId=4816 userId=101 latencyMs=598
2026-01-14T11:24:38Z INFO checkout orderId=1213 userId=77 latencyMs=304
2026-01-14T11:24:38Z INFO checkout orderId=7551 userId=55 latencyMs=184
2026-01-14T11:24:38Z INFO checkout orderId=1657 userId=115 latencyMs=664
2026-01-14T11:24:38Z INFO checkout orderId=7995 userId=99 latencyMs=344
2026-01-14T11:24:38Z INFO checkout orderId=5333 userId=77 latencyMs=424
2026-01-14T11:24:38Z WARN checkout orderId=8440 userId=42 latencyMs=255
2026-01-14T11:24:38Z INFO checkout orderId=5778 userId=120 latencyMs=1085
2026-01-14T11:24:38Z WARN checkout orderId=3116 userId=101 latencyMs=565
2026-01-14T11:24:39Z INFO checkout orderId=8513 userId=77 latencyMs=471
2026-01-14T11:24:39Z WARN checkout orderId=2619 userId=135 latencyMs=1851
2026-01-14T11:24:39Z INFO checkout orderId=8957 userId=115 latencyMs=631
2026-01-14T11:24:39Z INFO checkout orderId=1380 userId=42 latencyMs=299
2026-01-14T11:24:39Z INFO checkout orderId=9475 userId=99 latencyMs=358
2026-01-14T11:24:39Z INFO checkout orderId=3581 userId=55 latencyMs=288
2026-01-14T11:24:39Z INFO checkout orderId=2269 userId=135 latencyMs=1269
2026-01-14T11:24:39Z WARN checkout orderId=9015 userId=99 latencyMs=427
2026-01-14T11:24:40Z INFO checkout orderId=7702 userId=67 latencyMs=208
2026-01-14T11:24:40Z ERROR checkout orderId=5040 userId=42 latencyMs=189 errorCode=PAYMENT_FAILED
2026-01-14T11:24:40Z INFO checkout orderId=8147 userId=115 latencyMs=519
2026-01-14T11:24:40Z ERROR checkout orderId=5485 userId=99 latencyMs=399 errorCode=PAYMENT_FAILED
2026-01-14T11:24:40Z INFO checkout orderId=2823 userId=77 latencyMs=479
2026-01-14T11:24:40Z ERROR checkout orderId=5929 userId=135 latencyMs=1659 errorCode=SERVICE_UNAVAILABLE
2026-01-14T11:24:40Z INFO checkout orderId=3268 userId=120 latencyMs=939
2026-01-14T11:24:40Z ERROR checkout orderId=6374 userId=88 latencyMs=320 errorCode=SERVICE_UNAVAILABLE
2026-01-14T11:24:40Z INFO checkout orderId=3712 userId=67 latencyMs=282
2026-01-14T11:24:41Z INFO checkout orderId=9109 userId=135 latencyMs=1338
2026-01-14T11:24:41Z INFO checkout orderId=6447 userId=115 latencyMs=718
2026-01-14T11:24:41Z INFO checkout orderId=3785 userId=99 latencyMs=398
2026-01-14T11:24:41Z INFO checkout orderId=6892 userId=67 latencyMs=178
2026-01-14T11:24:41Z INFO checkout orderId=4230 userId=42 latencyMs=158
2026-01-14T11:24:41Z INFO checkout orderId=3325 userId=99 latencyMs=467
2026-01-14T11:24:41Z INFO checkout orderId=9663 userId=77 latencyMs=347
2026-01-14T11:24:41Z INFO checkout orderId=3769 userId=135 latencyMs=1727
2026-01-14T11:24:42Z INFO checkout orderId=3398 userId=120 latencyMs=1133
2026-01-14T11:24:42Z ERROR checkout orderId=8795 userId=99 latencyMs=439 errorCode=PAYMENT_FAILED
2026-01-14T11:24:42Z INFO checkout orderId=2901 userId=55 latencyMs=169
2026-01-14T11:24:42Z INFO checkout orderId=9239 userId=135 latencyMs=1500
2026-01-14T11:24:42Z INFO checkout orderId=6578 userId=120 latencyMs=1180
2026-01-14T11:24:42Z INFO checkout orderId=9684 userId=88 latencyMs=360
2026-01-14T11:24:42Z INFO checkout orderId=8408 userId=120 latencyMs=975
2026-01-14T11:24:42Z WARN checkout orderId=2514 userId=88 latencyMs=355
2026-01-14T11:24:43Z INFO checkout orderId=1202 userId=67 latencyMs=286
2026-01-14T11:24:43Z INFO checkout orderId=7540 userId=42 latencyMs=267
2026-01-14T11:24:43Z INFO checkout orderId=1646 userId=101 latencyMs=747
2026-01-14T11:24:43Z INFO checkout orderId=9334 userId=88 latencyMs=378
2026-01-14T11:24:43Z INFO checkout orderId=7080 userId=42 latencyMs=236
2026-01-14T11:24:43Z INFO checkout orderId=6211 userId=55 latencyMs=278
2026-01-14T11:24:43Z INFO checkout orderId=6693 userId=77 latencyMs=471
2026-01-14T11:24:43Z INFO checkout orderId=4031 userId=55 latencyMs=251
2026-01-14T11:24:44Z INFO checkout orderId=9428 userId=120 latencyMs=1057
2026-01-14T11:24:44Z INFO checkout orderId=6766 userId=101 latencyMs=537
2026-01-14T11:24:44Z INFO checkout orderId=9872 userId=67 latencyMs=167
2026-01-14T11:24:44Z ERROR checkout orderId=8559 userId=135 latencyMs=1981 errorCode=SERVICE_UNAVAILABLE
2026-01-14T11:24:44Z WARN checkout orderId=4956 userId=101 latencyMs=787
2026-01-14T11:24:44Z INFO checkout orderId=2294 userId=88 latencyMs=367
2026-01-14T11:24:44Z ERROR checkout orderId=7691 userId=55 latencyMs=223 errorCode=TIMEOUT
2026-01-14T11:24:44Z INFO checkout orderId=4088 userId=120 latencyMs=1079
2026-01-14T11:24:44Z INFO checkout orderId=9485 userId=99 latencyMs=385
2026-01-14T11:24:45Z ERROR checkout orderId=2812 userId=67 latencyMs=294 errorCode=INVALID_CART
2026-01-14T11:24:45Z WARN checkout orderId=8209 userId=135 latencyMs=1400
2026-01-14T11:24:45Z INFO checkout orderId=2315 userId=99 latencyMs=380
2026-01-14T11:24:45Z WARN checkout orderId=8653 userId=77 latencyMs=460
2026-01-14T11:24:45Z INFO checkout orderId=5992 userId=67 latencyMs=190
2026-01-14T11:24:45Z INFO checkout orderId=9098 userId=120 latencyMs=920
2026-01-14T11:24:45Z INFO checkout orderId=6436 userId=101 latencyMs=500
2026-01-14T11:24:45Z INFO checkout orderId=3774 userId=88 latencyMs=381
2026-01-14T11:24:46Z INFO checkout orderId=9171 userId=55 latencyMs=236
2026-01-14T11:24:46Z INFO checkout orderId=3277 userId=115 latencyMs=567
2026-01-14T11:24:46Z INFO checkout orderId=9616 userId=101 latencyMs=547
2026-01-14T11:24:46Z INFO checkout orderId=6954 userId=88 latencyMs=427
2026-01-14T11:24:46Z INFO checkout orderId=1060 userId=42 latencyMs=157
2026-01-14T11:24:46Z WARN checkout orderId=7398 userId=120 latencyMs=887
2026-01-14T11:24:46Z INFO checkout orderId=4737 userId=115 latencyMs=767
2026-01-14T11:24:46Z WARN checkout orderId=7843 userId=77 latencyMs=348
2026-01-14T11:24:46Z INFO checkout orderId=5181 userId=55 latencyMs=228
2026-01-14T11:24:47Z WARN checkout orderId=1578 userId=120 latencyMs=934
2026-01-14T11:24:47Z INFO checkout orderId=7916 userId=101 latencyMs=514
2026-01-14T11:24:47Z ERROR checkout orderId=2022 userId=67 latencyMs=294 errorCode=INVALID_CART
2026-01-14T11:24:47Z INFO checkout orderId=8360 userId=42 latencyMs=274
2026-01-14T11:24:47Z ERROR checkout orderId=5699 userId=135 latencyMs=1654 errorCode=SERVICE_UNAVAILABLE
2026-01-14T11:24:47Z INFO checkout orderId=8805 userId=99 latencyMs=434
2026-01-14T11:24:47Z INFO checkout orderId=2540 userId=42 latencyMs=171
2026-01-14T11:24:47Z INFO checkout orderId=8878 userId=120 latencyMs=901
2026-01-14T11:24:48Z WARN checkout orderId=5275 userId=99 latencyMs=407
2026-01-14T11:24:48Z INFO checkout orderId=2613 userId=77 latencyMs=487
2026-01-14T11:24:48Z ERROR checkout orderId=5719 userId=135 latencyMs=1667 errorCode=SERVICE_UNAVAILABLE
2026-01-14T11:24:48Z INFO checkout orderId=3058 userId=120 latencyMs=979
2026-01-14T11:24:48Z INFO checkout orderId=6164 userId=88 latencyMs=359
2026-01-14T11:24:48Z INFO checkout orderId=3502 userId=67 latencyMs=239
2026-01-14T11:24:48Z INFO checkout orderId=9840 userId=42 latencyMs=220
2026-01-14T11:24:48Z INFO checkout orderId=3947 userId=115 latencyMs=700
2026-01-14T11:24:49Z WARN checkout orderId=3575 userId=99 latencyMs=406
2026-01-14T11:24:49Z INFO checkout orderId=6682 userId=67 latencyMs=286
2026-01-14T11:24:49Z WARN checkout orderId=4020 userId=42 latencyMs=266
2026-01-14T11:24:49Z INFO checkout orderId=9417 userId=115 latencyMs=572
2026-01-14T11:24:49Z INFO checkout orderId=5813 userId=77 latencyMs=378
2026-01-14T11:24:49Z INFO checkout orderId=3152 userId=67 latencyMs=158
2026-01-14T11:24:49Z INFO checkout orderId=2247 userId=115 latencyMs=667
2026-01-14T11:24:49Z WARN checkout orderId=2284 userId=88 latencyMs=350
2026-01-14T11:24:49Z INFO checkout orderId=5390 userId=42 latencyMs=180
2026-01-14T11:24:50Z ERROR checkout orderId=5019 userId=135 latencyMs=1336 errorCode=SERVICE_UNAVAILABLE
2026-01-14T11:24:50Z INFO checkout orderId=1415 userId=99 latencyMs=442
2026-01-14T11:24:50Z WARN checkout orderId=8161 userId=55 latencyMs=299
2026-01-14T11:24:50Z INFO checkout orderId=6849 userId=135 latencyMs=1531
2026-01-14T11:24:50Z ERROR checkout orderId=9955 userId=99 latencyMs=311 errorCode=PAYMENT_FAILED
2026-01-14T11:24:50Z INFO checkout orderId=7293 userId=77 latencyMs=391
2026-01-14T11:24:50Z INFO checkout orderId=4632 userId=67 latencyMs=171
2026-01-14T11:24:50Z WARN checkout orderId=7738 userId=120 latencyMs=1051
2026-01-14T11:24:51Z INFO checkout orderId=4135 userId=99 latencyMs=357
2026-01-14T11:24:51Z WARN checkout orderId=1473 userId=77 latencyMs=437
2026-01-14T11:24:51Z INFO checkout orderId=7811 userId=55 latencyMs=218
2026-01-14T11:24:51Z ERROR checkout orderId=1917 userId=115 latencyMs=698 errorCode=INVALID_CART
2026-01-14T11:24:51Z INFO checkout orderId=8255 userId=99 latencyMs=478
2026-01-14T11:24:51Z ERROR checkout orderId=5594 userId=88 latencyMs=358 errorCode=SERVICE_UNAVAILABLE
2026-01-14T11:24:51Z INFO checkout orderId=8700 userId=42 latencyMs=288
2026-01-14T11:24:51Z INFO checkout orderId=6038 userId=120 latencyMs=1018
2026-01-14T11:24:51Z INFO checkout orderId=3376 userId=101 latencyMs=599
2026-01-14T11:24:52Z INFO checkout orderId=8773 userId=77 latencyMs=404
2026-01-14T11:24:52Z INFO checkout orderId=2879 userId=135 latencyMs=1385
2026-01-14T11:24:52Z WARN checkout orderId=9218 userId=120 latencyMs=1065
2026-01-14T11:24:52Z INFO checkout orderId=6556 userId=101 latencyMs=577
2026-01-14T11:24:52Z WARN checkout orderId=9662 userId=67 latencyMs=207
2026-01-14T11:24:52Z INFO checkout orderId=7000 userId=42 latencyMs=187
2026-01-14T11:24:52Z INFO checkout orderId=9735 userId=99 latencyMs=323
2026-01-14T11:24:52Z ERROR checkout orderId=3842 userId=67 latencyMs=253 errorCode=INVALID_CART
2026-01-14T11:24:53Z WARN checkout orderId=3470 userId=42 latencyMs=209
2026-01-14T11:24:53Z INFO checkout orderId=6577 userId=115 latencyMs=690
2026-01-14T11:24:53Z WARN checkout orderId=3915 userId=99 latencyMs=370
2026-01-14T11:24:53Z INFO checkout orderId=1253 userId=77 latencyMs=450
2026-01-14T11:24:53Z WARN checkout orderId=4359 userId=135 latencyMs=1830
2026-01-14T11:24:53Z INFO checkout orderId=1698 userId=120 latencyMs=1110
2026-01-14T11:24:53Z ERROR checkout orderId=4804 userId=88 latencyMs=490 errorCode=SERVICE_UNAVAILABLE
2026-01-14T11:24:53Z INFO checkout orderId=2142 userId=67 latencyMs=221
2026-01-14T11:24:54Z ERROR checkout orderId=7539 userId=135 latencyMs=1476 errorCode=SERVICE_UNAVAILABLE
2026-01-14T11:24:54Z INFO checkout orderId=4877 userId=115 latencyMs=657
2026-01-14T11:24:54Z ERROR checkout orderId=4914 userId=88 latencyMs=440 errorCode=SERVICE_UNAVAILABLE
2026-01-14T11:24:54Z INFO checkout orderId=1310 userId=42 latencyMs=296
2026-01-14T11:24:54Z INFO checkout orderId=6707 userId=115 latencyMs=751
2026-01-14T11:24:54Z WARN checkout orderId=4046 userId=101 latencyMs=732
2026-01-14T11:24:54Z INFO checkout orderId=7152 userId=67 latencyMs=212
2026-01-14T11:24:54Z WARN checkout orderId=4490 userId=42 latencyMs=192
2026-01-14T11:24:55Z INFO checkout orderId=9887 userId=115 latencyMs=798
2026-01-14T11:24:55Z ERROR checkout orderId=7225 userId=99 latencyMs=378 errorCode=PAYMENT_FAILED
2026-01-14T11:24:55Z INFO checkout orderId=1331 userId=55 latencyMs=258
2026-01-14T11:24:55Z ERROR checkout orderId=7669 userId=135 latencyMs=1638 errorCode=SERVICE_UNAVAILABLE
2026-01-14T11:24:55Z WARN checkout orderId=6357 userId=115 latencyMs=670
2026-01-14T11:24:55Z INFO checkout orderId=3162 userId=67 latencyMs=203
2026-01-14T11:24:55Z INFO checkout orderId=9500 userId=42 latencyMs=183
2026-01-14T11:24:55Z ERROR checkout orderId=6838 userId=120 latencyMs=1113 errorCode=DATABASE_ERROR
2026-01-14T11:24:55Z INFO checkout orderId=9944 userId=88 latencyMs=494
2026-01-14T11:24:56Z INFO checkout orderId=6341 userId=55 latencyMs=249
2026-01-14T11:24:56Z WARN checkout orderId=3679 userId=135 latencyMs=1480
2026-01-14T11:24:56Z INFO checkout orderId=1017 userId=115 latencyMs=560
2026-01-14T11:24:56Z WARN checkout orderId=4124 userId=88 latencyMs=340
2026-01-14T11:24:56Z INFO checkout orderId=1462 userId=67 latencyMs=252
2026-01-14T11:24:56Z ERROR checkout orderId=7800 userId=42 latencyMs=232 errorCode=PAYMENT_FAILED
2026-01-14T11:24:56Z INFO checkout orderId=1906 userId=101 latencyMs=712
2026-01-14T11:24:56Z INFO checkout orderId=8245 userId=99 latencyMs=493
2026-01-14T11:24:57Z INFO checkout orderId=4641 userId=55 latencyMs=298
2026-01-14T11:24:57Z ERROR checkout orderId=1980 userId=42 latencyMs=279 errorCode=PAYMENT_FAILED
2026-01-14T11:24:57Z INFO checkout orderId=5086 userId=101 latencyMs=759
2026-01-14T11:24:57Z INFO checkout orderId=2424 userId=88 latencyMs=339
2026-01-14T11:24:57Z INFO checkout orderId=8762 userId=67 latencyMs=219
2026-01-14T11:24:57Z WARN checkout orderId=2869 userId=135 latencyMs=1799
2026-01-14T11:24:57Z INFO checkout orderId=5196 userId=101 latencyMs=708
2026-01-14T11:24:57Z INFO checkout orderId=4699 userId=135 latencyMs=1994
2026-01-14T11:24:58Z INFO checkout orderId=4328 userId=120 latencyMs=1000
2026-01-14T11:24:58Z ERROR checkout orderId=7434 userId=88 latencyMs=380 errorCode=SERVICE_UNAVAILABLE
2026-01-14T11:24:58Z INFO checkout orderId=4772 userId=67 latencyMs=210
2026-01-14T11:24:58Z ERROR checkout orderId=2110 userId=42 latencyMs=191 errorCode=PAYMENT_FAILED
2026-01-14T11:24:58Z INFO checkout orderId=5217 userId=115 latencyMs=521
2026-01-14T11:24:58Z INFO checkout orderId=2555 userId=99 latencyMs=301
2026-01-14T11:24:58Z INFO checkout orderId=5661 userId=55 latencyMs=281
2026-01-14T11:24:58Z WARN checkout orderId=2999 userId=135 latencyMs=1961
2026-01-14T11:24:59Z INFO checkout orderId=8396 userId=101 latencyMs=567
2026-01-14T11:24:59Z WARN checkout orderId=5734 userId=88 latencyMs=347
2026-01-14T11:24:59Z INFO checkout orderId=3072 userId=67 latencyMs=177
2026-01-14T11:24:59Z INFO checkout orderId=8469 userId=135 latencyMs=1733
2026-01-14T11:24:59Z ERROR checkout orderId=4866 userId=101 latencyMs=739 errorCode=TIMEOUT
2026-01-14T11:24:59Z INFO checkout orderId=2204 userId=88 latencyMs=319
2026-01-14T11:24:59Z WARN checkout orderId=5311 userId=55 latencyMs=200
2026-01-14T11:24:59Z INFO checkout orderId=2649 userId=135 latencyMs=1380
2026-01-14T11:24:59Z WARN checkout orderId=5755 userId=99 latencyMs=360
2026-01-14T11:25:00Z INFO checkout orderId=5384 userId=88 latencyMs=366
2026-01-14T11:25:00Z INFO checkout orderId=1781 userId=55 latencyMs=222
2026-01-14T11:25:00Z ERROR checkout orderId=9876 userId=101 latencyMs=580 errorCode=TIMEOUT
2026-01-14T11:25:00Z INFO checkout orderId=7214 userId=88 latencyMs=361
2026-01-14T11:25:41Z WARN checkout orderId=6298 userId=120 latencyMs=1066
2026-01-14T11:25:43Z INFO checkout orderId=9885 userId=99 latencyMs=389
2026-01-14T11:25:46Z ERROR checkout orderId=9922 userId=67 latencyMs=272 errorCode=INVALID_CART
2026-01-14T11:25:48Z INFO checkout orderId=6763 userId=77 latencyMs=338
2026-01-14T11:25:50Z WARN checkout orderId=7354 userId=88 latencyMs=431
2026-01-14T11:25:52Z INFO checkout orderId=9148 userId=120 latencyMs=943
2026-01-14T11:25:54Z ERROR checkout orderId=1978 userId=120 latencyMs=1138 errorCode=DATABASE_ERROR
2026-01-14T11:25:56Z ERROR checkout orderId=2423 userId=77 latencyMs=398 errorCode=DATABASE_ERROR
2026-01-14T11:25:58Z INFO checkout orderId=4750 userId=42 latencyMs=189
2026-01-14T11:26:00Z INFO checkout orderId=6580 userId=42 latencyMs=284
2026-01-14T11:26:02Z WARN checkout orderId=8374 userId=88 latencyMs=346
2026-01-14T11:26:04Z INFO checkout orderId=3902 userId=67 latencyMs=194
2026-01-14T11:26:06Z INFO checkout orderId=2590 userId=42 latencyMs=275
2026-01-14T11:26:08Z WARN checkout orderId=2626 userId=101 latencyMs=658
2026-01-14T11:26:10Z ERROR checkout orderId=5806 userId=101 latencyMs=705 errorCode=TIMEOUT
2026-01-14T11:26:12Z INFO checkout orderId=2611 userId=55 latencyMs=238
2026-01-14T11:26:14Z WARN checkout orderId=4441 userId=55 latencyMs=183
2026-01-14T11:26:16Z INFO checkout orderId=7176 userId=101 latencyMs=769
2026-01-14T11:26:18Z ERROR checkout orderId=1852 userId=67 latencyMs=229 errorCode=INVALID_CART
2026-01-14T11:26:20Z INFO checkout orderId=6752 userId=67 latencyMs=271
2026-01-14T11:26:22Z INFO checkout orderId=6789 userId=135 latencyMs=1804
2026-01-14T11:26:24Z INFO checkout orderId=8211 userId=55 latencyMs=172
2026-01-14T11:26:26Z INFO checkout orderId=6402 userId=67 latencyMs=272
2026-01-14T11:26:28Z INFO checkout orderId=5089 userId=135 latencyMs=1803
2026-01-14T11:26:30Z INFO checkout orderId=4221 userId=55 latencyMs=245
2026-01-14T11:26:32Z WARN checkout orderId=4258 userId=120 latencyMs=878
2026-01-14T11:26:34Z INFO checkout orderId=3797 userId=115 latencyMs=747
2026-01-14T11:26:36Z ERROR checkout orderId=7882 userId=67 latencyMs=285 errorCode=INVALID_CART
2026-01-14T11:26:38Z INFO checkout orderId=9268 userId=120 latencyMs=1120
2026-01-14T11:26:40Z INFO checkout orderId=3484 userId=88 latencyMs=449
2026-01-14T11:26:42Z WARN checkout orderId=4336 userId=101 latencyMs=587
2026-01-14T11:26:44Z INFO checkout orderId=3468 userId=120 latencyMs=1179
2026-01-14T11:26:46Z INFO checkout orderId=7552 userId=67 latencyMs=166
2026-01-14T11:26:48Z INFO checkout orderId=6240 userId=42 latencyMs=248
2026-01-14T11:26:50Z ERROR checkout orderId=4059 userId=135 latencyMs=1671 errorCode=SERVICE_UNAVAILABLE
2026-01-14T11:26:52Z INFO checkout orderId=9863 userId=77 latencyMs=386
2026-01-14T11:26:54Z INFO checkout orderId=1862 userId=67 latencyMs=206
2026-01-14T11:26:56Z INFO checkout orderId=7296 userId=101 latencyMs=545
2026-01-14T11:26:58Z INFO checkout orderId=7740 userId=42 latencyMs=156
2026-01-14T11:27:00Z INFO checkout orderId=5523 userId=77 latencyMs=446
2026-01-14T11:27:03Z INFO checkout orderId=2898 userId=120 latencyMs=1009
2026-01-14T11:27:05Z INFO checkout orderId=6448 userId=120 latencyMs=850
2026-01-14T11:27:07Z INFO checkout orderId=7871 userId=55 latencyMs=218
2026-01-14T11:27:09Z INFO checkout orderId=6558 userId=120 latencyMs=999
2026-01-14T11:27:11Z ERROR checkout orderId=1642 userId=67 latencyMs=187 errorCode=INVALID_CART
2026-01-14T11:27:13Z WARN checkout orderId=7484 userId=88 latencyMs=403
2026-01-14T11:27:15Z INFO checkout orderId=4325 userId=99 latencyMs=369
2026-01-14T11:27:17Z INFO checkout orderId=8483 userId=77 latencyMs=305
2026-01-14T11:27:19Z INFO checkout orderId=8927 userId=115 latencyMs=665
2026-01-14T11:27:21Z INFO checkout orderId=5360 userId=42 latencyMs=154
2026-01-14T11:27:23Z INFO checkout orderId=2202 userId=67 latencyMs=220
2026-01-14T11:27:25Z WARN checkout orderId=8984 userId=88 latencyMs=461
2026-01-14T11:27:27Z INFO checkout orderId=5418 userId=120 latencyMs=1150
2026-01-14T11:27:29Z INFO checkout orderId=6804 userId=88 latencyMs=485
2026-01-14T11:27:31Z INFO checkout orderId=5936 userId=101 latencyMs=677
2026-01-14T11:27:33Z INFO checkout orderId=2777 userId=115 latencyMs=743
2026-01-14T11:27:35Z WARN checkout orderId=6861 userId=55 latencyMs=280
2026-01-14T11:27:37Z WARN checkout orderId=3295 userId=99 latencyMs=469
2026-01-14T11:27:39Z INFO checkout orderId=3776 userId=101 latencyMs=613
2026-01-14T11:27:41Z WARN checkout orderId=1558 userId=120 latencyMs=1185
2026-01-14T11:27:43Z INFO checkout orderId=9690 userId=42 latencyMs=177
2026-01-14T11:27:45Z INFO checkout orderId=3833 userId=77 latencyMs=440
2026-01-14T11:27:47Z INFO checkout orderId=5255 userId=99 latencyMs=458
2026-01-14T11:27:49Z INFO checkout orderId=6144 userId=88 latencyMs=379
2026-01-14T11:27:51Z WARN checkout orderId=6181 userId=55 latencyMs=162
2026-01-14T11:27:53Z WARN checkout orderId=2614 userId=88 latencyMs=351
2026-01-14T11:27:55Z ERROR checkout orderId=1746 userId=101 latencyMs=543 errorCode=TIMEOUT
2026-01-14T11:27:57Z INFO checkout orderId=4481 userId=55 latencyMs=279
2026-01-14T11:27:59Z WARN checkout orderId=9047 userId=115 latencyMs=510
2026-01-14T11:28:01Z INFO checkout orderId=5961 userId=55 latencyMs=292
2026-01-14T11:28:03Z INFO checkout orderId=2395 userId=99 latencyMs=363
2026-01-14T11:28:05Z INFO checkout orderId=4225 userId=99 latencyMs=358
2026-01-14T11:28:07Z INFO checkout orderId=3728 userId=120 latencyMs=1144
2026-01-14T11:28:09Z INFO checkout orderId=5151 userId=55 latencyMs=262
2026-01-14T11:28:33Z INFO checkout orderId=1197 userId=47 latencyMs=469
2026-01-14T11:28:33Z INFO checkout orderId=1110 userId=21 latencyMs=489
2026-01-14T11:28:34Z INFO checkout orderId=1374 userId=30 latencyMs=415
2026-01-14T11:28:34Z INFO checkout orderId=1783 userId=90 latencyMs=426
2026-01-14T11:28:34Z INFO checkout orderId=1689 userId=36 latencyMs=485
2026-01-14T11:28:34Z INFO checkout orderId=1282 userId=84 latencyMs=269
2026-01-14T11:28:34Z INFO checkout orderId=1233 userId=102 latencyMs=372
2026-01-14T11:28:34Z INFO checkout orderId=1884 userId=49 latencyMs=465
2026-01-14T11:28:34Z INFO checkout orderId=1231 userId=85 latencyMs=387
2026-01-14T11:28:34Z INFO checkout orderId=1303 userId=77 latencyMs=415
2026-01-14T11:28:34Z INFO checkout orderId=1566 userId=83 latencyMs=429
2026-01-14T11:28:35Z INFO checkout orderId=1634 userId=59 latencyMs=350
2026-01-14T11:28:35Z INFO checkout orderId=1713 userId=17 latencyMs=203
2026-01-14T11:28:35Z INFO checkout orderId=1842 userId=107 latencyMs=210
2026-01-14T11:28:35Z INFO checkout orderId=1497 userId=18 latencyMs=462
2026-01-14T11:28:35Z INFO checkout orderId=1174 userId=68 latencyMs=306
2026-01-14T11:28:35Z INFO checkout orderId=1642 userId=41 latencyMs=431
2026-01-14T11:28:35Z INFO checkout orderId=1697 userId=46 latencyMs=398
2026-01-14T11:28:35Z INFO checkout orderId=1525 userId=11 latencyMs=260
2026-01-14T11:28:35Z INFO checkout orderId=1550 userId=79 latencyMs=276
2026-01-14T11:28:36Z WARN checkout orderId=2114 userId=106 latencyMs=753
2026-01-14T11:28:36Z WARN checkout orderId=2943 userId=49 latencyMs=812
2026-01-14T11:28:36Z WARN checkout orderId=2771 userId=96 latencyMs=922
2026-01-14T11:28:36Z WARN checkout orderId=2842 userId=43 latencyMs=967
2026-01-14T11:28:36Z WARN checkout orderId=2375 userId=65 latencyMs=811
2026-01-14T11:28:36Z ERROR checkout orderId=3029 userId=13 latencyMs=1280 errorCode=DATABASE_ERROR
2026-01-14T11:28:36Z ERROR checkout orderId=3211 userId=108 latencyMs=1540 errorCode=PAYMENT_FAILED
2026-01-14T11:28:36Z ERROR checkout orderId=3453 userId=109 latencyMs=1026 errorCode=INVALID_CART
2026-01-14T11:28:37Z ERROR checkout orderId=3336 userId=78 latencyMs=1840 errorCode=TIMEOUT
2026-01-14T11:28:37Z ERROR checkout orderId=3496 userId=33 latencyMs=1144 errorCode=PAYMENT_FAILED
2026-01-14T11:28:37Z ERROR checkout orderId=3770 userId=48 latencyMs=1192 errorCode=DATABASE_ERROR
2026-01-14T11:28:37Z ERROR checkout orderId=3824 userId=54 latencyMs=1014 errorCode=INVALID_CART
2026-01-14T11:28:37Z ERROR checkout orderId=3488 userId=109 latencyMs=1165 errorCode=DATABASE_ERROR
2026-01-14T11:41:26Z INFO checkout orderId=1231 userId=55 latencyMs=216
2026-01-14T11:41:26Z INFO checkout orderId=2209 userId=135 latencyMs=1323
2026-01-14T11:41:26Z ERROR checkout orderId=5316 userId=101 latencyMs=603 errorCode=TIMEOUT
2026-01-14T11:41:26Z INFO checkout orderId=2654 userId=88 latencyMs=383
2026-01-14T11:41:26Z INFO checkout orderId=5760 userId=42 latencyMs=213
2026-01-14T11:41:27Z WARN checkout orderId=5389 userId=135 latencyMs=1769
2026-01-14T11:41:27Z ERROR checkout orderId=2194 userId=88 latencyMs=452 errorCode=SERVICE_UNAVAILABLE
2026-01-14T11:41:27Z INFO checkout orderId=8532 userId=67 latencyMs=183
2026-01-14T11:41:27Z INFO checkout orderId=4929 userId=135 latencyMs=1838
2026-01-14T11:41:27Z WARN checkout orderId=1325 userId=99 latencyMs=344
2026-01-14T11:41:27Z INFO checkout orderId=7664 userId=88 latencyMs=456
2026-01-14T11:41:27Z ERROR checkout orderId=5002 userId=67 latencyMs=287 errorCode=INVALID_CART
2026-01-14T11:41:27Z INFO checkout orderId=8108 userId=120 latencyMs=1117
2026-01-14T11:41:27Z ERROR checkout orderId=5446 userId=101 latencyMs=597 errorCode=TIMEOUT
2026-01-14T11:41:28Z INFO checkout orderId=1843 userId=77 latencyMs=303
2026-01-14T11:41:28Z INFO checkout orderId=8181 userId=55 latencyMs=183
2026-01-14T11:41:28Z INFO checkout orderId=2288 userId=120 latencyMs=1163
2026-01-14T11:41:28Z INFO checkout orderId=8626 userId=101 latencyMs=643
2026-01-14T11:41:28Z INFO checkout orderId=5964 userId=88 latencyMs=424
2026-01-14T11:41:28Z INFO checkout orderId=9070 userId=42 latencyMs=254
2026-01-14T11:41:28Z INFO checkout orderId=6408 userId=120 latencyMs=1084
2026-01-14T11:41:28Z WARN checkout orderId=3747 userId=115 latencyMs=564
2026-01-14T11:41:29Z INFO checkout orderId=9144 userId=88 latencyMs=470
2026-01-14T11:41:29Z ERROR checkout orderId=2879 userId=135 latencyMs=1256 errorCode=SERVICE_UNAVAILABLE
2026-01-14T11:41:29Z INFO checkout orderId=5985 userId=99 latencyMs=436
2026-01-14T11:41:29Z WARN checkout orderId=3323 userId=77 latencyMs=316
2026-01-14T11:41:29Z INFO checkout orderId=6429 userId=135 latencyMs=1496
2026-01-14T11:41:29Z WARN checkout orderId=3767 userId=115 latencyMs=677
2026-01-14T11:41:29Z INFO checkout orderId=1106 userId=101 latencyMs=657
2026-01-14T11:41:29Z WARN checkout orderId=4212 userId=67 latencyMs=287
2026-01-14T11:41:29Z INFO checkout orderId=6539 userId=135 latencyMs=1646
2026-01-14T11:41:30Z INFO checkout orderId=2936 userId=101 latencyMs=752
2026-01-14T11:41:30Z INFO checkout orderId=6042 userId=67 latencyMs=232
2026-01-14T11:41:30Z INFO checkout orderId=3380 userId=42 latencyMs=212
2026-01-14T11:41:30Z INFO checkout orderId=9719 userId=135 latencyMs=1292
2026-01-14T11:41:30Z ERROR checkout orderId=3825 userId=99 latencyMs=472 errorCode=PAYMENT_FAILED
2026-01-14T11:41:30Z INFO checkout orderId=1163 userId=77 latencyMs=352
2026-01-14T11:41:30Z ERROR checkout orderId=7501 userId=55 latencyMs=283 errorCode=TIMEOUT
2026-01-14T11:41:30Z INFO checkout orderId=1608 userId=120 latencyMs=813
2026-01-14T11:41:31Z INFO checkout orderId=1236 userId=101 latencyMs=719
2026-01-14T11:41:31Z WARN checkout orderId=4343 userId=77 latencyMs=399
2026-01-14T11:41:31Z INFO checkout orderId=1681 userId=55 latencyMs=179
2026-01-14T11:41:31Z WARN checkout orderId=4787 userId=115 latencyMs=659
2026-01-14T11:41:31Z INFO checkout orderId=2125 userId=99 latencyMs=439
2026-01-14T11:41:31Z ERROR checkout orderId=9813 userId=77 latencyMs=371 errorCode=DATABASE_ERROR
2026-01-14T11:41:31Z INFO checkout orderId=6617 userId=115 latencyMs=686
2026-01-14T11:41:31Z ERROR checkout orderId=3956 userId=101 latencyMs=666 errorCode=TIMEOUT
2026-01-14T11:41:31Z INFO checkout orderId=1294 userId=88 latencyMs=346
2026-01-14T11:41:32Z ERROR checkout orderId=6691 userId=55 latencyMs=252 errorCode=TIMEOUT
2026-01-14T11:41:32Z WARN checkout orderId=4029 userId=135 latencyMs=1932
2026-01-14T11:41:32Z INFO checkout orderId=7135 userId=99 latencyMs=313
2026-01-14T11:41:32Z INFO checkout orderId=5822 userId=67 latencyMs=294
2026-01-14T11:41:32Z INFO checkout orderId=3161 userId=55 latencyMs=274
2026-01-14T11:41:32Z ERROR checkout orderId=6267 userId=115 latencyMs=605 errorCode=INVALID_CART
2026-01-14T11:41:32Z INFO checkout orderId=3605 userId=99 latencyMs=485
2026-01-14T11:41:32Z ERROR checkout orderId=6711 userId=55 latencyMs=215 errorCode=TIMEOUT
2026-01-14T11:41:32Z INFO checkout orderId=6340 userId=42 latencyMs=171
2026-01-14T11:41:33Z INFO checkout orderId=9446 userId=101 latencyMs=651
2026-01-14T11:41:33Z WARN checkout orderId=6785 userId=99 latencyMs=331
2026-01-14T11:41:33Z INFO checkout orderId=4123 userId=77 latencyMs=411
2026-01-14T11:41:33Z WARN checkout orderId=7229 userId=135 latencyMs=1591
2026-01-14T11:41:33Z INFO checkout orderId=4567 userId=115 latencyMs=572
2026-01-14T11:41:33Z WARN checkout orderId=1906 userId=101 latencyMs=552
2026-01-14T11:41:33Z INFO checkout orderId=5012 userId=67 latencyMs=182
2026-01-14T11:41:33Z INFO checkout orderId=2350 userId=42 latencyMs=162
2026-01-14T11:41:34Z INFO checkout orderId=7747 userId=115 latencyMs=618
2026-01-14T11:41:34Z WARN checkout orderId=1482 userId=67 latencyMs=204
2026-01-14T11:41:34Z INFO checkout orderId=4588 userId=120 latencyMs=884
2026-01-14T11:41:34Z INFO checkout orderId=1926 userId=101 latencyMs=664
2026-01-14T11:41:34Z INFO checkout orderId=8264 userId=88 latencyMs=344
2026-01-14T11:41:34Z INFO checkout orderId=2371 userId=55 latencyMs=275
2026-01-14T11:41:34Z INFO checkout orderId=8709 userId=135 latencyMs=1205
2026-01-14T11:41:34Z INFO checkout orderId=6047 userId=115 latencyMs=585
2026-01-14T11:41:35Z INFO checkout orderId=2444 userId=88 latencyMs=391
2026-01-14T11:41:35Z INFO checkout orderId=5550 userId=42 latencyMs=171
2026-01-14T11:41:35Z INFO checkout orderId=2888 userId=120 latencyMs=851
2026-01-14T11:41:35Z INFO checkout orderId=9227 userId=115 latencyMs=631
2026-01-14T11:41:35Z INFO checkout orderId=3333 userId=77 latencyMs=311
2026-01-14T11:41:35Z WARN checkout orderId=9671 userId=55 latencyMs=242
2026-01-14T11:41:35Z INFO checkout orderId=7009 userId=135 latencyMs=1204
2026-01-14T11:41:35Z WARN checkout orderId=1116 userId=101 latencyMs=784
2026-01-14T11:41:35Z INFO checkout orderId=7454 userId=88 latencyMs=464
2026-01-14T11:41:36Z ERROR checkout orderId=3851 userId=55 latencyMs=220 errorCode=TIMEOUT
2026-01-14T11:41:36Z INFO checkout orderId=1189 userId=135 latencyMs=1650
2026-01-14T11:41:36Z ERROR checkout orderId=4295 userId=99 latencyMs=430 errorCode=PAYMENT_FAILED
2026-01-14T11:41:36Z INFO checkout orderId=1633 userId=77 latencyMs=311
2026-01-14T11:41:36Z ERROR checkout orderId=7971 userId=55 latencyMs=291 errorCode=TIMEOUT
2026-01-14T11:41:36Z INFO checkout orderId=4776 userId=101 latencyMs=674
2026-01-14T11:41:36Z INFO checkout orderId=2114 userId=88 latencyMs=454
2026-01-14T11:41:36Z WARN checkout orderId=8860 userId=42 latencyMs=211
2026-01-14T11:41:36Z ERROR checkout orderId=6606 userId=101 latencyMs=769 errorCode=TIMEOUT
2026-01-14T11:41:37Z INFO checkout orderId=6235 userId=99 latencyMs=375
2026-01-14T11:41:37Z ERROR checkout orderId=9341 userId=55 latencyMs=205 errorCode=TIMEOUT
2026-01-14T11:41:37Z WARN checkout orderId=5738 userId=120 latencyMs=1161
2026-01-14T11:41:37Z WARN checkout orderId=7124 userId=88 latencyMs=495
2026-01-14T11:41:37Z INFO checkout orderId=4462 userId=67 latencyMs=275
2026-01-14T11:41:37Z INFO checkout orderId=1801 userId=55 latencyMs=256
2026-01-14T11:41:37Z INFO checkout orderId=4907 userId=115 latencyMs=736
2026-01-14T11:41:37Z INFO checkout orderId=2245 userId=99 latencyMs=416
2026-01-14T11:41:38Z INFO checkout orderId=3631 userId=55 latencyMs=200
2026-01-14T11:46:36Z ERROR checkout orderId=9999 userId=123 latencyMs=2000 errorCode=PAYMENT_FAILED
2026-01-14T11:53:12Z INFO checkout orderId=1287 userId=102 latencyMs=273
2026-01-14T11:53:13Z INFO checkout orderId=1732 userId=10 latencyMs=168
2026-01-14T11:53:13Z INFO checkout orderId=1372 userId=63 latencyMs=190
2026-01-14T11:53:13Z INFO checkout orderId=1114 userId=26 latencyMs=190
2026-01-14T11:53:13Z INFO checkout orderId=1493 userId=55 latencyMs=391
2026-01-14T11:53:13Z INFO checkout orderId=1775 userId=14 latencyMs=375
2026-01-14T11:53:14Z WARN checkout orderId=4518 userId=61 latencyMs=995
2026-01-14T11:53:14Z INFO checkout orderId=1037 userId=39 latencyMs=181
2026-01-14T11:53:14Z INFO checkout orderId=1018 userId=46 latencyMs=490
2026-01-14T11:53:14Z ERROR checkout orderId=5187 userId=98 latencyMs=1888 errorCode=PAYMENT_FAILED
2026-01-14T11:53:14Z INFO checkout orderId=1891 userId=66 latencyMs=337
2026-01-14T11:53:15Z INFO checkout orderId=1491 userId=83 latencyMs=333
2026-01-14T11:53:15Z INFO checkout orderId=1934 userId=93 latencyMs=327
2026-01-14T11:53:15Z WARN checkout orderId=4141 userId=102 latencyMs=820
2026-01-14T11:53:15Z INFO checkout orderId=1816 userId=15 latencyMs=265
2026-01-14T11:53:16Z INFO checkout orderId=1198 userId=19 latencyMs=188
2026-01-14T11:53:16Z INFO checkout orderId=1008 userId=98 latencyMs=158
2026-01-14T11:53:16Z INFO checkout orderId=1523 userId=78 latencyMs=475
2026-01-14T11:53:16Z INFO checkout orderId=1821 userId=108 latencyMs=438
2026-01-14T11:53:16Z ERROR checkout orderId=5069 userId=66 latencyMs=1318 errorCode=PAYMENT_FAILED
2026-01-14T11:53:17Z WARN checkout orderId=4475 userId=51 latencyMs=696
2026-01-14T11:53:17Z INFO checkout orderId=1006 userId=92 latencyMs=318
2026-01-14T11:53:17Z INFO checkout orderId=1073 userId=31 latencyMs=189
2026-01-14T11:53:17Z INFO checkout orderId=1457 userId=70 latencyMs=331
2026-01-14T11:53:18Z INFO checkout orderId=1903 userId=107 latencyMs=320
2026-01-14T11:53:18Z INFO checkout orderId=1473 userId=94 latencyMs=396
2026-01-14T11:53:18Z INFO checkout orderId=1018 userId=18 latencyMs=270
2026-01-14T11:53:18Z WARN checkout orderId=4526 userId=41 latencyMs=850
2026-01-14T11:53:18Z INFO checkout orderId=1388 userId=87 latencyMs=434
2026-01-14T11:53:19Z ERROR checkout orderId=5979 userId=98 latencyMs=1596 errorCode=PAYMENT_FAILED
2026-01-14T11:53:19Z INFO checkout orderId=1106 userId=89 latencyMs=355
2026-01-14T11:53:19Z INFO checkout orderId=1209 userId=16 latencyMs=422
2026-01-14T11:53:19Z INFO checkout orderId=1644 userId=21 latencyMs=290
2026-01-14T11:53:20Z INFO checkout orderId=1640 userId=53 latencyMs=342
2026-01-14T11:53:20Z WARN checkout orderId=4963 userId=42 latencyMs=833
2026-01-14T11:53:20Z INFO checkout orderId=1765 userId=94 latencyMs=369
2026-01-14T11:53:20Z INFO checkout orderId=1771 userId=98 latencyMs=379
2026-01-14T11:53:20Z INFO checkout orderId=1529 userId=47 latencyMs=241
2026-01-14T11:53:21Z INFO checkout orderId=1734 userId=66 latencyMs=294
2026-01-14T11:53:21Z ERROR checkout orderId=5416 userId=81 latencyMs=1410 errorCode=PAYMENT_FAILED
2026-01-14T11:53:21Z INFO checkout orderId=1617 userId=17 latencyMs=393
2026-01-14T11:53:21Z WARN checkout orderId=4993 userId=54 latencyMs=684
2026-01-14T11:53:21Z INFO checkout orderId=1595 userId=93 latencyMs=298
2026-01-14T11:53:22Z INFO checkout orderId=1483 userId=17 latencyMs=198
2026-01-14T11:53:22Z INFO checkout orderId=1218 userId=48 latencyMs=491
2026-01-14T11:53:22Z INFO checkout orderId=1489 userId=14 latencyMs=238
2026-01-14T11:53:22Z INFO checkout orderId=1181 userId=12 latencyMs=429
2026-01-14T11:53:23Z INFO checkout orderId=1500 userId=109 latencyMs=431
2026-01-14T11:53:23Z WARN checkout orderId=4784 userId=73 latencyMs=872
2026-01-14T11:53:23Z ERROR checkout orderId=5088 userId=20 latencyMs=1278 errorCode=PAYMENT_FAILED
